2025-05-06 15:15:30 [127.0.0.1][-][-][error][Error] Error: Class "app\models\generateEmployeeTimeSlotsToDo" not found in /home/user/projects/todo-booking/basic/controllers/ScheduleController.php:87
Stack trace:
#0 [internal function]: app\controllers\ScheduleController->actionSchedule()
#1 /home/user/projects/todo-booking/basic/vendor/yiisoft/yii2/base/InlineAction.php(57): call_user_func_array()
#2 /home/user/projects/todo-booking/basic/vendor/yiisoft/yii2/base/Controller.php(178): yii\base\InlineAction->runWithParams()
#3 /home/user/projects/todo-booking/basic/vendor/yiisoft/yii2/base/Module.php(552): yii\base\Controller->runAction()
#4 /home/user/projects/todo-booking/basic/vendor/yiisoft/yii2/web/Application.php(103): yii\base\Module->runAction()
#5 /home/user/projects/todo-booking/basic/vendor/yiisoft/yii2/base/Application.php(384): yii\web\Application->handleRequest()
#6 /home/user/projects/todo-booking/basic/web/index.php(12): yii\base\Application->run()
#7 {main}
2025-05-06 15:15:30 [127.0.0.1][-][-][info][application] $_GET = []

$_POST = [
    '_csrf' => 'dVmIDiGzsOgiyKxTxwXXcBZ-GdYfpieRNy01u20wi1gBbcZKWfbiohaFgTeAQLxBb1NY73XSQ_RBa3nMIEXuDQ=='
    'personal' => 'Виктория'
    'service' => 'Масаж пяток'
    'stage' => 'personal'
]

$_FILES = []

$_COOKIE = [
    '_csrf' => 'd6ab53cec187b42d71b7e7fb74c506a70baf7caecc0e63a6177ae50a2b4e0624a:2:{i:0;s:5:\"_csrf\";i:1;s:32:\"t4NDxERJ4M-dGEk1y-A9jtdevFLwMueU\";}'
]

$_SERVER = [
    'DOCUMENT_ROOT' => '/home/user/projects/todo-booking/basic/web'
    'REMOTE_ADDR' => '127.0.0.1'
    'REMOTE_PORT' => '56750'
    'SERVER_SOFTWARE' => 'PHP/8.4.6 (Development Server)'
    'SERVER_PROTOCOL' => 'HTTP/1.1'
    'SERVER_NAME' => 'localhost'
    'SERVER_PORT' => '8080'
    'REQUEST_URI' => '/schedule/schedule'
    'REQUEST_METHOD' => 'POST'
    'SCRIPT_NAME' => '/index.php'
    'SCRIPT_FILENAME' => '/home/user/projects/todo-booking/basic/web/index.php'
    'PATH_INFO' => '/schedule/schedule'
    'PHP_SELF' => '/index.php/schedule/schedule'
    'HTTP_HOST' => 'localhost:8080'
    'HTTP_CONNECTION' => 'keep-alive'
    'CONTENT_LENGTH' => '241'
    'HTTP_CONTENT_LENGTH' => '241'
    'HTTP_CACHE_CONTROL' => 'max-age=0'
    'HTTP_SEC_CH_UA' => '\"Chromium\";v=\"136\", \"Google Chrome\";v=\"136\", \"Not.A/Brand\";v=\"99\"'
    'HTTP_SEC_CH_UA_MOBILE' => '?0'
    'HTTP_SEC_CH_UA_PLATFORM' => '\"Linux\"'
    'HTTP_ORIGIN' => 'http://localhost:8080'
    'CONTENT_TYPE' => 'application/x-www-form-urlencoded'
    'HTTP_CONTENT_TYPE' => 'application/x-www-form-urlencoded'
    'HTTP_UPGRADE_INSECURE_REQUESTS' => '1'
    'HTTP_USER_AGENT' => 'Mozilla/5.0 (X11; Linux x86_64) AppleWebKit/537.36 (KHTML, like Gecko) Chrome/136.0.0.0 Safari/537.36'
    'HTTP_ACCEPT' => 'text/html,application/xhtml+xml,application/xml;q=0.9,image/avif,image/webp,image/apng,*/*;q=0.8,application/signed-exchange;v=b3;q=0.7'
    'HTTP_SEC_FETCH_SITE' => 'same-origin'
    'HTTP_SEC_FETCH_MODE' => 'navigate'
    'HTTP_SEC_FETCH_USER' => '?1'
    'HTTP_SEC_FETCH_DEST' => 'document'
    'HTTP_REFERER' => 'http://localhost:8080/schedule/schedule'
    'HTTP_ACCEPT_ENCODING' => 'gzip, deflate, br, zstd'
    'HTTP_ACCEPT_LANGUAGE' => 'ru-RU,ru;q=0.9,en-US;q=0.8,en;q=0.7'
    'HTTP_COOKIE' => '_csrf=d6ab53cec187b42d71b7e7fb74c506a70baf7caecc0e63a6177ae50a2b4e0624a%3A2%3A%7Bi%3A0%3Bs%3A5%3A%22_csrf%22%3Bi%3A1%3Bs%3A32%3A%22t4NDxERJ4M-dGEk1y-A9jtdevFLwMueU%22%3B%7D'
    'REQUEST_TIME_FLOAT' => 1746544530.3468
    'REQUEST_TIME' => 1746544530
]
2025-05-06 15:16:45 [127.0.0.1][-][-][error][Error] Error: Class "generateEmployeeTimeSlotsToDo" not found in /home/user/projects/todo-booking/basic/controllers/ScheduleController.php:87
Stack trace:
#0 [internal function]: app\controllers\ScheduleController->actionSchedule()
#1 /home/user/projects/todo-booking/basic/vendor/yiisoft/yii2/base/InlineAction.php(57): call_user_func_array()
#2 /home/user/projects/todo-booking/basic/vendor/yiisoft/yii2/base/Controller.php(178): yii\base\InlineAction->runWithParams()
#3 /home/user/projects/todo-booking/basic/vendor/yiisoft/yii2/base/Module.php(552): yii\base\Controller->runAction()
#4 /home/user/projects/todo-booking/basic/vendor/yiisoft/yii2/web/Application.php(103): yii\base\Module->runAction()
#5 /home/user/projects/todo-booking/basic/vendor/yiisoft/yii2/base/Application.php(384): yii\web\Application->handleRequest()
#6 /home/user/projects/todo-booking/basic/web/index.php(12): yii\base\Application->run()
#7 {main}
2025-05-06 15:16:45 [127.0.0.1][-][-][info][application] $_GET = []

$_POST = [
    '_csrf' => 'dVmIDiGzsOgiyKxTxwXXcBZ-GdYfpieRNy01u20wi1gBbcZKWfbiohaFgTeAQLxBb1NY73XSQ_RBa3nMIEXuDQ=='
    'personal' => 'Виктория'
    'service' => 'Масаж пяток'
    'stage' => 'personal'
]

$_FILES = []

$_COOKIE = [
    '_csrf' => 'd6ab53cec187b42d71b7e7fb74c506a70baf7caecc0e63a6177ae50a2b4e0624a:2:{i:0;s:5:\"_csrf\";i:1;s:32:\"t4NDxERJ4M-dGEk1y-A9jtdevFLwMueU\";}'
]

$_SERVER = [
    'DOCUMENT_ROOT' => '/home/user/projects/todo-booking/basic/web'
    'REMOTE_ADDR' => '127.0.0.1'
    'REMOTE_PORT' => '57410'
    'SERVER_SOFTWARE' => 'PHP/8.4.6 (Development Server)'
    'SERVER_PROTOCOL' => 'HTTP/1.1'
    'SERVER_NAME' => 'localhost'
    'SERVER_PORT' => '8080'
    'REQUEST_URI' => '/schedule/schedule'
    'REQUEST_METHOD' => 'POST'
    'SCRIPT_NAME' => '/index.php'
    'SCRIPT_FILENAME' => '/home/user/projects/todo-booking/basic/web/index.php'
    'PATH_INFO' => '/schedule/schedule'
    'PHP_SELF' => '/index.php/schedule/schedule'
    'HTTP_HOST' => 'localhost:8080'
    'HTTP_CONNECTION' => 'keep-alive'
    'CONTENT_LENGTH' => '241'
    'HTTP_CONTENT_LENGTH' => '241'
    'HTTP_CACHE_CONTROL' => 'max-age=0'
    'HTTP_SEC_CH_UA' => '\"Chromium\";v=\"136\", \"Google Chrome\";v=\"136\", \"Not.A/Brand\";v=\"99\"'
    'HTTP_SEC_CH_UA_MOBILE' => '?0'
    'HTTP_SEC_CH_UA_PLATFORM' => '\"Linux\"'
    'HTTP_UPGRADE_INSECURE_REQUESTS' => '1'
    'HTTP_USER_AGENT' => 'Mozilla/5.0 (X11; Linux x86_64) AppleWebKit/537.36 (KHTML, like Gecko) Chrome/136.0.0.0 Safari/537.36'
    'HTTP_ORIGIN' => 'http://localhost:8080'
    'CONTENT_TYPE' => 'application/x-www-form-urlencoded'
    'HTTP_CONTENT_TYPE' => 'application/x-www-form-urlencoded'
    'HTTP_ACCEPT' => 'text/html,application/xhtml+xml,application/xml;q=0.9,image/avif,image/webp,image/apng,*/*;q=0.8,application/signed-exchange;v=b3;q=0.7'
    'HTTP_SEC_FETCH_SITE' => 'same-origin'
    'HTTP_SEC_FETCH_MODE' => 'navigate'
    'HTTP_SEC_FETCH_USER' => '?1'
    'HTTP_SEC_FETCH_DEST' => 'document'
    'HTTP_REFERER' => 'http://localhost:8080/schedule/schedule'
    'HTTP_ACCEPT_ENCODING' => 'gzip, deflate, br, zstd'
    'HTTP_ACCEPT_LANGUAGE' => 'ru-RU,ru;q=0.9,en-US;q=0.8,en;q=0.7'
    'HTTP_COOKIE' => '_csrf=d6ab53cec187b42d71b7e7fb74c506a70baf7caecc0e63a6177ae50a2b4e0624a%3A2%3A%7Bi%3A0%3Bs%3A5%3A%22_csrf%22%3Bi%3A1%3Bs%3A32%3A%22t4NDxERJ4M-dGEk1y-A9jtdevFLwMueU%22%3B%7D'
    'REQUEST_TIME_FLOAT' => 1746544605.7038
    'REQUEST_TIME' => 1746544605
]
2025-05-06 15:19:08 [127.0.0.1][-][-][error][Error] Error: Class "models\EmpSlots\generateEmployeeTimeSlotsToDo" not found in /home/user/projects/todo-booking/basic/controllers/ScheduleController.php:86
Stack trace:
#0 [internal function]: app\controllers\ScheduleController->actionSchedule()
#1 /home/user/projects/todo-booking/basic/vendor/yiisoft/yii2/base/InlineAction.php(57): call_user_func_array()
#2 /home/user/projects/todo-booking/basic/vendor/yiisoft/yii2/base/Controller.php(178): yii\base\InlineAction->runWithParams()
#3 /home/user/projects/todo-booking/basic/vendor/yiisoft/yii2/base/Module.php(552): yii\base\Controller->runAction()
#4 /home/user/projects/todo-booking/basic/vendor/yiisoft/yii2/web/Application.php(103): yii\base\Module->runAction()
#5 /home/user/projects/todo-booking/basic/vendor/yiisoft/yii2/base/Application.php(384): yii\web\Application->handleRequest()
#6 /home/user/projects/todo-booking/basic/web/index.php(12): yii\base\Application->run()
#7 {main}
2025-05-06 15:19:08 [127.0.0.1][-][-][info][application] $_GET = []

$_POST = [
    '_csrf' => 'dVmIDiGzsOgiyKxTxwXXcBZ-GdYfpieRNy01u20wi1gBbcZKWfbiohaFgTeAQLxBb1NY73XSQ_RBa3nMIEXuDQ=='
    'personal' => 'Виктория'
    'service' => 'Масаж пяток'
    'stage' => 'personal'
]

$_FILES = []

$_COOKIE = [
    '_csrf' => 'd6ab53cec187b42d71b7e7fb74c506a70baf7caecc0e63a6177ae50a2b4e0624a:2:{i:0;s:5:\"_csrf\";i:1;s:32:\"t4NDxERJ4M-dGEk1y-A9jtdevFLwMueU\";}'
]

$_SERVER = [
    'DOCUMENT_ROOT' => '/home/user/projects/todo-booking/basic/web'
    'REMOTE_ADDR' => '127.0.0.1'
    'REMOTE_PORT' => '55546'
    'SERVER_SOFTWARE' => 'PHP/8.4.6 (Development Server)'
    'SERVER_PROTOCOL' => 'HTTP/1.1'
    'SERVER_NAME' => 'localhost'
    'SERVER_PORT' => '8080'
    'REQUEST_URI' => '/schedule/schedule'
    'REQUEST_METHOD' => 'POST'
    'SCRIPT_NAME' => '/index.php'
    'SCRIPT_FILENAME' => '/home/user/projects/todo-booking/basic/web/index.php'
    'PATH_INFO' => '/schedule/schedule'
    'PHP_SELF' => '/index.php/schedule/schedule'
    'HTTP_HOST' => 'localhost:8080'
    'HTTP_CONNECTION' => 'keep-alive'
    'CONTENT_LENGTH' => '241'
    'HTTP_CONTENT_LENGTH' => '241'
    'HTTP_CACHE_CONTROL' => 'max-age=0'
    'HTTP_SEC_CH_UA' => '\"Chromium\";v=\"136\", \"Google Chrome\";v=\"136\", \"Not.A/Brand\";v=\"99\"'
    'HTTP_SEC_CH_UA_MOBILE' => '?0'
    'HTTP_SEC_CH_UA_PLATFORM' => '\"Linux\"'
    'HTTP_UPGRADE_INSECURE_REQUESTS' => '1'
    'HTTP_USER_AGENT' => 'Mozilla/5.0 (X11; Linux x86_64) AppleWebKit/537.36 (KHTML, like Gecko) Chrome/136.0.0.0 Safari/537.36'
    'HTTP_ORIGIN' => 'http://localhost:8080'
    'CONTENT_TYPE' => 'application/x-www-form-urlencoded'
    'HTTP_CONTENT_TYPE' => 'application/x-www-form-urlencoded'
    'HTTP_ACCEPT' => 'text/html,application/xhtml+xml,application/xml;q=0.9,image/avif,image/webp,image/apng,*/*;q=0.8,application/signed-exchange;v=b3;q=0.7'
    'HTTP_SEC_FETCH_SITE' => 'same-origin'
    'HTTP_SEC_FETCH_MODE' => 'navigate'
    'HTTP_SEC_FETCH_USER' => '?1'
    'HTTP_SEC_FETCH_DEST' => 'document'
    'HTTP_REFERER' => 'http://localhost:8080/schedule/schedule'
    'HTTP_ACCEPT_ENCODING' => 'gzip, deflate, br, zstd'
    'HTTP_ACCEPT_LANGUAGE' => 'ru-RU,ru;q=0.9,en-US;q=0.8,en;q=0.7'
    'HTTP_COOKIE' => '_csrf=d6ab53cec187b42d71b7e7fb74c506a70baf7caecc0e63a6177ae50a2b4e0624a%3A2%3A%7Bi%3A0%3Bs%3A5%3A%22_csrf%22%3Bi%3A1%3Bs%3A32%3A%22t4NDxERJ4M-dGEk1y-A9jtdevFLwMueU%22%3B%7D'
    'REQUEST_TIME_FLOAT' => 1746544748.3254
    'REQUEST_TIME' => 1746544748
]
2025-05-06 15:19:27 [127.0.0.1][-][-][error][Error] Error: Class "models\EmpSlots\generateEmployeeTimeSlotsToDo" not found in /home/user/projects/todo-booking/basic/controllers/ScheduleController.php:86
Stack trace:
#0 [internal function]: app\controllers\ScheduleController->actionSchedule()
#1 /home/user/projects/todo-booking/basic/vendor/yiisoft/yii2/base/InlineAction.php(57): call_user_func_array()
#2 /home/user/projects/todo-booking/basic/vendor/yiisoft/yii2/base/Controller.php(178): yii\base\InlineAction->runWithParams()
#3 /home/user/projects/todo-booking/basic/vendor/yiisoft/yii2/base/Module.php(552): yii\base\Controller->runAction()
#4 /home/user/projects/todo-booking/basic/vendor/yiisoft/yii2/web/Application.php(103): yii\base\Module->runAction()
#5 /home/user/projects/todo-booking/basic/vendor/yiisoft/yii2/base/Application.php(384): yii\web\Application->handleRequest()
#6 /home/user/projects/todo-booking/basic/web/index.php(12): yii\base\Application->run()
#7 {main}
2025-05-06 15:19:27 [127.0.0.1][-][-][info][application] $_GET = []

$_POST = [
    '_csrf' => 'dVmIDiGzsOgiyKxTxwXXcBZ-GdYfpieRNy01u20wi1gBbcZKWfbiohaFgTeAQLxBb1NY73XSQ_RBa3nMIEXuDQ=='
    'personal' => 'Виктория'
    'service' => 'Масаж пяток'
    'stage' => 'personal'
]

$_FILES = []

$_COOKIE = [
    '_csrf' => 'd6ab53cec187b42d71b7e7fb74c506a70baf7caecc0e63a6177ae50a2b4e0624a:2:{i:0;s:5:\"_csrf\";i:1;s:32:\"t4NDxERJ4M-dGEk1y-A9jtdevFLwMueU\";}'
]

$_SERVER = [
    'DOCUMENT_ROOT' => '/home/user/projects/todo-booking/basic/web'
    'REMOTE_ADDR' => '127.0.0.1'
    'REMOTE_PORT' => '39656'
    'SERVER_SOFTWARE' => 'PHP/8.4.6 (Development Server)'
    'SERVER_PROTOCOL' => 'HTTP/1.1'
    'SERVER_NAME' => 'localhost'
    'SERVER_PORT' => '8080'
    'REQUEST_URI' => '/schedule/schedule'
    'REQUEST_METHOD' => 'POST'
    'SCRIPT_NAME' => '/index.php'
    'SCRIPT_FILENAME' => '/home/user/projects/todo-booking/basic/web/index.php'
    'PATH_INFO' => '/schedule/schedule'
    'PHP_SELF' => '/index.php/schedule/schedule'
    'HTTP_HOST' => 'localhost:8080'
    'HTTP_CONNECTION' => 'keep-alive'
    'CONTENT_LENGTH' => '241'
    'HTTP_CONTENT_LENGTH' => '241'
    'HTTP_CACHE_CONTROL' => 'max-age=0'
    'HTTP_SEC_CH_UA' => '\"Chromium\";v=\"136\", \"Google Chrome\";v=\"136\", \"Not.A/Brand\";v=\"99\"'
    'HTTP_SEC_CH_UA_MOBILE' => '?0'
    'HTTP_SEC_CH_UA_PLATFORM' => '\"Linux\"'
    'HTTP_UPGRADE_INSECURE_REQUESTS' => '1'
    'HTTP_USER_AGENT' => 'Mozilla/5.0 (X11; Linux x86_64) AppleWebKit/537.36 (KHTML, like Gecko) Chrome/136.0.0.0 Safari/537.36'
    'HTTP_ORIGIN' => 'http://localhost:8080'
    'CONTENT_TYPE' => 'application/x-www-form-urlencoded'
    'HTTP_CONTENT_TYPE' => 'application/x-www-form-urlencoded'
    'HTTP_ACCEPT' => 'text/html,application/xhtml+xml,application/xml;q=0.9,image/avif,image/webp,image/apng,*/*;q=0.8,application/signed-exchange;v=b3;q=0.7'
    'HTTP_SEC_FETCH_SITE' => 'same-origin'
    'HTTP_SEC_FETCH_MODE' => 'navigate'
    'HTTP_SEC_FETCH_USER' => '?1'
    'HTTP_SEC_FETCH_DEST' => 'document'
    'HTTP_REFERER' => 'http://localhost:8080/schedule/schedule'
    'HTTP_ACCEPT_ENCODING' => 'gzip, deflate, br, zstd'
    'HTTP_ACCEPT_LANGUAGE' => 'ru-RU,ru;q=0.9,en-US;q=0.8,en;q=0.7'
    'HTTP_COOKIE' => '_csrf=d6ab53cec187b42d71b7e7fb74c506a70baf7caecc0e63a6177ae50a2b4e0624a%3A2%3A%7Bi%3A0%3Bs%3A5%3A%22_csrf%22%3Bi%3A1%3Bs%3A32%3A%22t4NDxERJ4M-dGEk1y-A9jtdevFLwMueU%22%3B%7D'
    'REQUEST_TIME_FLOAT' => 1746544767.8234
    'REQUEST_TIME' => 1746544767
]
2025-05-06 15:19:59 [127.0.0.1][-][-][error][Error] Error: Class "models\EmpSlots\generateEmployeeTimeSlotsToDo" not found in /home/user/projects/todo-booking/basic/controllers/ScheduleController.php:86
Stack trace:
#0 [internal function]: app\controllers\ScheduleController->actionSchedule()
#1 /home/user/projects/todo-booking/basic/vendor/yiisoft/yii2/base/InlineAction.php(57): call_user_func_array()
#2 /home/user/projects/todo-booking/basic/vendor/yiisoft/yii2/base/Controller.php(178): yii\base\InlineAction->runWithParams()
#3 /home/user/projects/todo-booking/basic/vendor/yiisoft/yii2/base/Module.php(552): yii\base\Controller->runAction()
#4 /home/user/projects/todo-booking/basic/vendor/yiisoft/yii2/web/Application.php(103): yii\base\Module->runAction()
#5 /home/user/projects/todo-booking/basic/vendor/yiisoft/yii2/base/Application.php(384): yii\web\Application->handleRequest()
#6 /home/user/projects/todo-booking/basic/web/index.php(12): yii\base\Application->run()
#7 {main}
2025-05-06 15:19:59 [127.0.0.1][-][-][info][application] $_GET = []

$_POST = [
    '_csrf' => 'dVmIDiGzsOgiyKxTxwXXcBZ-GdYfpieRNy01u20wi1gBbcZKWfbiohaFgTeAQLxBb1NY73XSQ_RBa3nMIEXuDQ=='
    'personal' => 'Виктория'
    'service' => 'Масаж пяток'
    'stage' => 'personal'
]

$_FILES = []

$_COOKIE = [
    '_csrf' => 'd6ab53cec187b42d71b7e7fb74c506a70baf7caecc0e63a6177ae50a2b4e0624a:2:{i:0;s:5:\"_csrf\";i:1;s:32:\"t4NDxERJ4M-dGEk1y-A9jtdevFLwMueU\";}'
]

$_SERVER = [
    'DOCUMENT_ROOT' => '/home/user/projects/todo-booking/basic/web'
    'REMOTE_ADDR' => '127.0.0.1'
    'REMOTE_PORT' => '43220'
    'SERVER_SOFTWARE' => 'PHP/8.4.6 (Development Server)'
    'SERVER_PROTOCOL' => 'HTTP/1.1'
    'SERVER_NAME' => 'localhost'
    'SERVER_PORT' => '8080'
    'REQUEST_URI' => '/schedule/schedule'
    'REQUEST_METHOD' => 'POST'
    'SCRIPT_NAME' => '/index.php'
    'SCRIPT_FILENAME' => '/home/user/projects/todo-booking/basic/web/index.php'
    'PATH_INFO' => '/schedule/schedule'
    'PHP_SELF' => '/index.php/schedule/schedule'
    'HTTP_HOST' => 'localhost:8080'
    'HTTP_CONNECTION' => 'keep-alive'
    'CONTENT_LENGTH' => '241'
    'HTTP_CONTENT_LENGTH' => '241'
    'HTTP_CACHE_CONTROL' => 'max-age=0'
    'HTTP_SEC_CH_UA' => '\"Chromium\";v=\"136\", \"Google Chrome\";v=\"136\", \"Not.A/Brand\";v=\"99\"'
    'HTTP_SEC_CH_UA_MOBILE' => '?0'
    'HTTP_SEC_CH_UA_PLATFORM' => '\"Linux\"'
    'HTTP_UPGRADE_INSECURE_REQUESTS' => '1'
    'HTTP_USER_AGENT' => 'Mozilla/5.0 (X11; Linux x86_64) AppleWebKit/537.36 (KHTML, like Gecko) Chrome/136.0.0.0 Safari/537.36'
    'HTTP_ORIGIN' => 'http://localhost:8080'
    'CONTENT_TYPE' => 'application/x-www-form-urlencoded'
    'HTTP_CONTENT_TYPE' => 'application/x-www-form-urlencoded'
    'HTTP_ACCEPT' => 'text/html,application/xhtml+xml,application/xml;q=0.9,image/avif,image/webp,image/apng,*/*;q=0.8,application/signed-exchange;v=b3;q=0.7'
    'HTTP_SEC_FETCH_SITE' => 'same-origin'
    'HTTP_SEC_FETCH_MODE' => 'navigate'
    'HTTP_SEC_FETCH_USER' => '?1'
    'HTTP_SEC_FETCH_DEST' => 'document'
    'HTTP_REFERER' => 'http://localhost:8080/schedule/schedule'
    'HTTP_ACCEPT_ENCODING' => 'gzip, deflate, br, zstd'
    'HTTP_ACCEPT_LANGUAGE' => 'ru-RU,ru;q=0.9,en-US;q=0.8,en;q=0.7'
    'HTTP_COOKIE' => '_csrf=d6ab53cec187b42d71b7e7fb74c506a70baf7caecc0e63a6177ae50a2b4e0624a%3A2%3A%7Bi%3A0%3Bs%3A5%3A%22_csrf%22%3Bi%3A1%3Bs%3A32%3A%22t4NDxERJ4M-dGEk1y-A9jtdevFLwMueU%22%3B%7D'
    'REQUEST_TIME_FLOAT' => 1746544799.7691
    'REQUEST_TIME' => 1746544799
]
2025-05-06 15:21:11 [127.0.0.1][-][-][error][Error] Error: Call to undefined method app\models\EmpSlots\generateEmployeeTimeSlotsToDo::getSlotsArray() in /home/user/projects/todo-booking/basic/controllers/ScheduleController.php:89
Stack trace:
#0 [internal function]: app\controllers\ScheduleController->actionSchedule()
#1 /home/user/projects/todo-booking/basic/vendor/yiisoft/yii2/base/InlineAction.php(57): call_user_func_array()
#2 /home/user/projects/todo-booking/basic/vendor/yiisoft/yii2/base/Controller.php(178): yii\base\InlineAction->runWithParams()
#3 /home/user/projects/todo-booking/basic/vendor/yiisoft/yii2/base/Module.php(552): yii\base\Controller->runAction()
#4 /home/user/projects/todo-booking/basic/vendor/yiisoft/yii2/web/Application.php(103): yii\base\Module->runAction()
#5 /home/user/projects/todo-booking/basic/vendor/yiisoft/yii2/base/Application.php(384): yii\web\Application->handleRequest()
#6 /home/user/projects/todo-booking/basic/web/index.php(12): yii\base\Application->run()
#7 {main}
2025-05-06 15:21:11 [127.0.0.1][-][-][info][application] $_GET = []

$_POST = [
    '_csrf' => 'jLdnpyoBI7-AWxQhDVaZxq9MZnThpFacYQaxHFHKetv4gynjUkRx9bQWOUVKE_L31mEnTYvQMvkXQP1rHL8fjg=='
    'personal' => 'Виктория'
    'service' => 'Масаж пяток'
    'stage' => 'personal'
]

$_FILES = []

$_COOKIE = [
    '_csrf' => 'd6ab53cec187b42d71b7e7fb74c506a70baf7caecc0e63a6177ae50a2b4e0624a:2:{i:0;s:5:\"_csrf\";i:1;s:32:\"t4NDxERJ4M-dGEk1y-A9jtdevFLwMueU\";}'
]

$_SERVER = [
    'DOCUMENT_ROOT' => '/home/user/projects/todo-booking/basic/web'
    'REMOTE_ADDR' => '127.0.0.1'
    'REMOTE_PORT' => '39070'
    'SERVER_SOFTWARE' => 'PHP/8.4.6 (Development Server)'
    'SERVER_PROTOCOL' => 'HTTP/1.1'
    'SERVER_NAME' => 'localhost'
    'SERVER_PORT' => '8080'
    'REQUEST_URI' => '/schedule/schedule'
    'REQUEST_METHOD' => 'POST'
    'SCRIPT_NAME' => '/index.php'
    'SCRIPT_FILENAME' => '/home/user/projects/todo-booking/basic/web/index.php'
    'PATH_INFO' => '/schedule/schedule'
    'PHP_SELF' => '/index.php/schedule/schedule'
    'HTTP_HOST' => 'localhost:8080'
    'HTTP_CONNECTION' => 'keep-alive'
    'CONTENT_LENGTH' => '241'
    'HTTP_CONTENT_LENGTH' => '241'
    'HTTP_CACHE_CONTROL' => 'max-age=0'
    'HTTP_SEC_CH_UA' => '\"Chromium\";v=\"136\", \"Google Chrome\";v=\"136\", \"Not.A/Brand\";v=\"99\"'
    'HTTP_SEC_CH_UA_MOBILE' => '?0'
    'HTTP_SEC_CH_UA_PLATFORM' => '\"Linux\"'
    'HTTP_ORIGIN' => 'http://localhost:8080'
    'CONTENT_TYPE' => 'application/x-www-form-urlencoded'
    'HTTP_CONTENT_TYPE' => 'application/x-www-form-urlencoded'
    'HTTP_UPGRADE_INSECURE_REQUESTS' => '1'
    'HTTP_USER_AGENT' => 'Mozilla/5.0 (X11; Linux x86_64) AppleWebKit/537.36 (KHTML, like Gecko) Chrome/136.0.0.0 Safari/537.36'
    'HTTP_ACCEPT' => 'text/html,application/xhtml+xml,application/xml;q=0.9,image/avif,image/webp,image/apng,*/*;q=0.8,application/signed-exchange;v=b3;q=0.7'
    'HTTP_SEC_FETCH_SITE' => 'same-origin'
    'HTTP_SEC_FETCH_MODE' => 'navigate'
    'HTTP_SEC_FETCH_USER' => '?1'
    'HTTP_SEC_FETCH_DEST' => 'document'
    'HTTP_REFERER' => 'http://localhost:8080/schedule/schedule'
    'HTTP_ACCEPT_ENCODING' => 'gzip, deflate, br, zstd'
    'HTTP_ACCEPT_LANGUAGE' => 'ru-RU,ru;q=0.9,en-US;q=0.8,en;q=0.7'
    'HTTP_COOKIE' => '_csrf=d6ab53cec187b42d71b7e7fb74c506a70baf7caecc0e63a6177ae50a2b4e0624a%3A2%3A%7Bi%3A0%3Bs%3A5%3A%22_csrf%22%3Bi%3A1%3Bs%3A32%3A%22t4NDxERJ4M-dGEk1y-A9jtdevFLwMueU%22%3B%7D'
    'REQUEST_TIME_FLOAT' => 1746544871.9557
    'REQUEST_TIME' => 1746544871
]
2025-05-06 15:21:16 [127.0.0.1][-][-][error][Error] Error: Call to undefined method app\models\EmpSlots\generateEmployeeTimeSlotsToDo::getSlotsArray() in /home/user/projects/todo-booking/basic/controllers/ScheduleController.php:89
Stack trace:
#0 [internal function]: app\controllers\ScheduleController->actionSchedule()
#1 /home/user/projects/todo-booking/basic/vendor/yiisoft/yii2/base/InlineAction.php(57): call_user_func_array()
#2 /home/user/projects/todo-booking/basic/vendor/yiisoft/yii2/base/Controller.php(178): yii\base\InlineAction->runWithParams()
#3 /home/user/projects/todo-booking/basic/vendor/yiisoft/yii2/base/Module.php(552): yii\base\Controller->runAction()
#4 /home/user/projects/todo-booking/basic/vendor/yiisoft/yii2/web/Application.php(103): yii\base\Module->runAction()
#5 /home/user/projects/todo-booking/basic/vendor/yiisoft/yii2/base/Application.php(384): yii\web\Application->handleRequest()
#6 /home/user/projects/todo-booking/basic/web/index.php(12): yii\base\Application->run()
#7 {main}
2025-05-06 15:21:16 [127.0.0.1][-][-][info][application] $_GET = []

$_POST = [
    '_csrf' => 'jLdnpyoBI7-AWxQhDVaZxq9MZnThpFacYQaxHFHKetv4gynjUkRx9bQWOUVKE_L31mEnTYvQMvkXQP1rHL8fjg=='
    'personal' => 'Виктория'
    'service' => 'Масаж пяток'
    'stage' => 'personal'
]

$_FILES = []

$_COOKIE = [
    '_csrf' => 'd6ab53cec187b42d71b7e7fb74c506a70baf7caecc0e63a6177ae50a2b4e0624a:2:{i:0;s:5:\"_csrf\";i:1;s:32:\"t4NDxERJ4M-dGEk1y-A9jtdevFLwMueU\";}'
]

$_SERVER = [
    'DOCUMENT_ROOT' => '/home/user/projects/todo-booking/basic/web'
    'REMOTE_ADDR' => '127.0.0.1'
    'REMOTE_PORT' => '39096'
    'SERVER_SOFTWARE' => 'PHP/8.4.6 (Development Server)'
    'SERVER_PROTOCOL' => 'HTTP/1.1'
    'SERVER_NAME' => 'localhost'
    'SERVER_PORT' => '8080'
    'REQUEST_URI' => '/schedule/schedule'
    'REQUEST_METHOD' => 'POST'
    'SCRIPT_NAME' => '/index.php'
    'SCRIPT_FILENAME' => '/home/user/projects/todo-booking/basic/web/index.php'
    'PATH_INFO' => '/schedule/schedule'
    'PHP_SELF' => '/index.php/schedule/schedule'
    'HTTP_HOST' => 'localhost:8080'
    'HTTP_CONNECTION' => 'keep-alive'
    'CONTENT_LENGTH' => '241'
    'HTTP_CONTENT_LENGTH' => '241'
    'HTTP_CACHE_CONTROL' => 'max-age=0'
    'HTTP_SEC_CH_UA' => '\"Chromium\";v=\"136\", \"Google Chrome\";v=\"136\", \"Not.A/Brand\";v=\"99\"'
    'HTTP_SEC_CH_UA_MOBILE' => '?0'
    'HTTP_SEC_CH_UA_PLATFORM' => '\"Linux\"'
    'HTTP_UPGRADE_INSECURE_REQUESTS' => '1'
    'HTTP_USER_AGENT' => 'Mozilla/5.0 (X11; Linux x86_64) AppleWebKit/537.36 (KHTML, like Gecko) Chrome/136.0.0.0 Safari/537.36'
    'HTTP_ORIGIN' => 'http://localhost:8080'
    'CONTENT_TYPE' => 'application/x-www-form-urlencoded'
    'HTTP_CONTENT_TYPE' => 'application/x-www-form-urlencoded'
    'HTTP_ACCEPT' => 'text/html,application/xhtml+xml,application/xml;q=0.9,image/avif,image/webp,image/apng,*/*;q=0.8,application/signed-exchange;v=b3;q=0.7'
    'HTTP_SEC_FETCH_SITE' => 'same-origin'
    'HTTP_SEC_FETCH_MODE' => 'navigate'
    'HTTP_SEC_FETCH_USER' => '?1'
    'HTTP_SEC_FETCH_DEST' => 'document'
    'HTTP_REFERER' => 'http://localhost:8080/schedule/schedule'
    'HTTP_ACCEPT_ENCODING' => 'gzip, deflate, br, zstd'
    'HTTP_ACCEPT_LANGUAGE' => 'ru-RU,ru;q=0.9,en-US;q=0.8,en;q=0.7'
    'HTTP_COOKIE' => '_csrf=d6ab53cec187b42d71b7e7fb74c506a70baf7caecc0e63a6177ae50a2b4e0624a%3A2%3A%7Bi%3A0%3Bs%3A5%3A%22_csrf%22%3Bi%3A1%3Bs%3A32%3A%22t4NDxERJ4M-dGEk1y-A9jtdevFLwMueU%22%3B%7D'
    'REQUEST_TIME_FLOAT' => 1746544876.4103
    'REQUEST_TIME' => 1746544876
]
